<?xml version="1.0" encoding="UTF-8"?>
<!-- Generated by org.testng.reporters.JUnitXMLReporter -->
<testsuite hostname="Vadim" ignored="0" name="Test" tests="3" failures="0" timestamp="2020-02-02T17:03:14 MSK" time="101.947" errors="0">
  <testcase name="Ecommerce1" time="46.128" classname="Practice.AppiumFramework.Ecommerce_1"/>
  <testcase name="ApiDemo" time="26.195" classname="Practice.AppiumFramework.ApiDemoTest"/>
  <testcase name="ApiDemo" time="26.564" classname="Practice.AppiumFramework.ApiDemoTest"/>
</testsuite> <!-- Test -->
