<?xml version="1.0" encoding="UTF-8"?>
<testsuite xmlns:xsi="http://www.w3.org/2001/XMLSchema-instance" xsi:noNamespaceSchemaLocation="https://maven.apache.org/surefire/maven-surefire-plugin/xsd/surefire-test-report-3.0.xsd" version="3.0" name="TestSuite" time="0.713" tests="4" errors="0" skipped="0" failures="0">
  <properties>
[...]
</properties>
  <testcase name="BrowserAutomation" classname="MyFirstMavenProject.SeleniumTest" time="0.007"/>
  <testcase name="Element" classname="MyFirstMavenProject.SeleniumTest" time="0"/>
  <testcase name="API123" classname="MyFirstMavenProject.RESTAPITest" time="0.001"/>
  <testcase name="REST" classname="MyFirstMavenProject.RESTAPITest" time="0.001"/>
</testsuite>