<?xml version="1.0" encoding="UTF-8"?>
<!-- Generated by org.testng.reporters.JUnitXMLReporter -->
<testsuite hostname="Vadim" ignored="0" name="Test" tests="3" failures="0" timestamp="2020-01-22T06:25:58 MSK" time="107.537" errors="0">
  <testcase name="Ecommerce1" time="50.891" classname="Practice.AppiumFramework.Ecommerce_1"/>
  <testcase name="ApiDemo" time="26.925" classname="Practice.AppiumFramework.ApiDemoTest"/>
  <testcase name="ApiDemo" time="26.657" classname="Practice.AppiumFramework.ApiDemoTest"/>
</testsuite> <!-- Test -->
