<?xml version="1.0" encoding="UTF-8"?>
<!-- Generated by org.testng.reporters.JUnitXMLReporter -->
<testsuite hostname="Vadim" ignored="0" name="Test" tests="4" failures="0" timestamp="2019-12-08T17:47:17 MSK" time="0.041" errors="0">
  <testcase name="BrowserAutomation" time="0.006" classname="MyFirstMavenProject.SeleniumTest"/>
  <testcase name="Element" time="0.001" classname="MyFirstMavenProject.SeleniumTest"/>
  <testcase name="API123" time="0.0" classname="MyFirstMavenProject.RESTAPITest"/>
  <testcase name="REST" time="0.0" classname="MyFirstMavenProject.RESTAPITest"/>
</testsuite> <!-- Test -->
