<?xml version="1.0" encoding="UTF-8"?>
<testng-results skipped="0" failed="0" ignored="0" total="6" passed="6">
  <reporter-output>
  </reporter-output>
  <suite name="Suite" duration-ms="56" started-at="2019-12-08T15:58:14 MSK" finished-at="2019-12-08T15:58:14 MSK">
    <groups>
    </groups>
    <test name="Test" duration-ms="56" started-at="2019-12-08T15:58:14 MSK" finished-at="2019-12-08T15:58:14 MSK">
      <class name="MyFirstMavenProject.AppiumTest">
        <test-method status="PASS" signature="Appium()[pri:0, instance:MyFirstMavenProject.AppiumTest@56aac163]" name="Appium" duration-ms="1" started-at="2019-12-08T15:58:14 MSK" finished-at="2019-12-08T15:58:14 MSK">
          <reporter-output>
          </reporter-output>
        </test-method> <!-- Appium -->
        <test-method status="PASS" signature="AppiumRoad()[pri:0, instance:MyFirstMavenProject.AppiumTest@56aac163]" name="AppiumRoad" duration-ms="1" started-at="2019-12-08T15:58:14 MSK" finished-at="2019-12-08T15:58:14 MSK">
          <reporter-output>
          </reporter-output>
        </test-method> <!-- AppiumRoad -->
      </class> <!-- MyFirstMavenProject.AppiumTest -->
      <class name="MyFirstMavenProject.SeleniumTest">
        <test-method status="PASS" signature="BrowserAutomation()[pri:0, instance:MyFirstMavenProject.SeleniumTest@6895a785]" name="BrowserAutomation" duration-ms="9" started-at="2019-12-08T15:58:14 MSK" finished-at="2019-12-08T15:58:14 MSK">
          <reporter-output>
          </reporter-output>
        </test-method> <!-- BrowserAutomation -->
        <test-method status="PASS" signature="Element()[pri:0, instance:MyFirstMavenProject.SeleniumTest@6895a785]" name="Element" duration-ms="1" started-at="2019-12-08T15:58:14 MSK" finished-at="2019-12-08T15:58:14 MSK">
          <reporter-output>
          </reporter-output>
        </test-method> <!-- Element -->
      </class> <!-- MyFirstMavenProject.SeleniumTest -->
      <class name="MyFirstMavenProject.RESTAPITest">
        <test-method status="PASS" signature="API123()[pri:0, instance:MyFirstMavenProject.RESTAPITest@184f6be2]" name="API123" duration-ms="1" started-at="2019-12-08T15:58:14 MSK" finished-at="2019-12-08T15:58:14 MSK">
          <reporter-output>
          </reporter-output>
        </test-method> <!-- API123 -->
        <test-method status="PASS" signature="REST()[pri:0, instance:MyFirstMavenProject.RESTAPITest@184f6be2]" name="REST" duration-ms="1" started-at="2019-12-08T15:58:14 MSK" finished-at="2019-12-08T15:58:14 MSK">
          <reporter-output>
          </reporter-output>
        </test-method> <!-- REST -->
      </class> <!-- MyFirstMavenProject.RESTAPITest -->
    </test> <!-- Test -->
  </suite> <!-- Suite -->
</testng-results>
