<?xml version="1.0" encoding="UTF-8"?>
<!-- Generated by org.testng.reporters.JUnitXMLReporter -->
<testsuite hostname="Vadim" ignored="0" name="Test" tests="6" failures="0" timestamp="2019-12-08T15:58:14 MSK" time="0.056" errors="0">
  <testcase name="BrowserAutomation" time="0.009" classname="MyFirstMavenProject.SeleniumTest"/>
  <testcase name="Element" time="0.001" classname="MyFirstMavenProject.SeleniumTest"/>
  <testcase name="API123" time="0.001" classname="MyFirstMavenProject.RESTAPITest"/>
  <testcase name="REST" time="0.001" classname="MyFirstMavenProject.RESTAPITest"/>
  <testcase name="Appium" time="0.001" classname="MyFirstMavenProject.AppiumTest"/>
  <testcase name="AppiumRoad" time="0.001" classname="MyFirstMavenProject.AppiumTest"/>
</testsuite> <!-- Test -->
