<?xml version="1.0" encoding="UTF-8"?>
<!-- Generated by org.testng.reporters.JUnitXMLReporter -->
<testsuite hostname="Vadim" ignored="4" tests="1" failures="0" timestamp="2019-11-30T16:18:45 MSK" time="0.002" errors="0">
  <testcase name="WebLogin" time="0.001" classname="Lesson3"/>
  <testcase name="Mobile123" time="0.0" classname="Lesson3">
    <ignored/>
  </testcase> <!-- Mobile123 -->
  <testcase name="Mobile777" time="0.0" classname="Lesson3">
    <ignored/>
  </testcase> <!-- Mobile777 -->
  <testcase name="Mobile555" time="0.0" classname="Lesson3">
    <ignored/>
  </testcase> <!-- Mobile555 -->
  <testcase name="MobileLogin" time="0.0" classname="Lesson3">
    <ignored/>
  </testcase> <!-- MobileLogin -->
</testsuite>
