<?xml version="1.0" encoding="UTF-8"?>
<!-- Generated by org.testng.reporters.JUnitXMLReporter -->
<testsuite hostname="Vadim" ignored="0" tests="13" failures="0" timestamp="2019-11-30T16:46:18 MSK" time="0.071" errors="0">
  <testcase name="JustTest" time="0.008" classname="Lesson1"/>
  <testcase name="ThirdTest" time="0.002" classname="Lesson1"/>
  <testcase name="Demo2" time="0.002" classname="Lesson2"/>
  <testcase name="MethodForDataprovider" time="0.001" classname="Lesson2"/>
  <testcase name="MethodForDataprovider" time="0.002" classname="Lesson2"/>
  <testcase name="MethodForDataprovider" time="0.001" classname="Lesson2"/>
  <testcase name="Mobile123" time="0.001" classname="Lesson3"/>
  <testcase name="Mobile555" time="0.001" classname="Lesson3"/>
  <testcase name="Mobile777" time="0.001" classname="Lesson3"/>
  <testcase name="MobileLogin" time="0.0" classname="Lesson3"/>
  <testcase name="WebLogin" time="0.001" classname="Lesson3"/>
  <testcase name="SecondTest" time="0.001" classname="Lesson1"/>
  <testcase name="Demo" time="0.001" classname="Lesson1"/>
</testsuite>
