<?xml version="1.0" encoding="UTF-8"?>
<!-- Generated by org.testng.reporters.JUnitXMLReporter -->
<testsuite hostname="Vadim" ignored="5" tests="3" failures="0" timestamp="2019-11-09T17:44:53 MSK" time="0.048" errors="0">
  <testcase name="BDemo" time="0.008" classname="Lesson1"/>
  <testcase name="Demo2" time="0.001" classname="Lesson2"/>
  <testcase name="WebLogin" time="0.001" classname="Lesson3"/>
  <testcase name="ASecondTest" time="0.0" classname="Lesson1">
    <ignored/>
  </testcase> <!-- ASecondTest -->
  <testcase name="Mobile123" time="0.0" classname="Lesson3">
    <ignored/>
  </testcase> <!-- Mobile123 -->
  <testcase name="Mobile777" time="0.0" classname="Lesson3">
    <ignored/>
  </testcase> <!-- Mobile777 -->
  <testcase name="Mobile555" time="0.0" classname="Lesson3">
    <ignored/>
  </testcase> <!-- Mobile555 -->
  <testcase name="MobileLogin" time="0.0" classname="Lesson3">
    <ignored/>
  </testcase> <!-- MobileLogin -->
</testsuite>
