<?xml version="1.0" encoding="UTF-8"?>
<testsuite xmlns:xsi="http://www.w3.org/2001/XMLSchema-instance" xsi:noNamespaceSchemaLocation="https://maven.apache.org/surefire/maven-surefire-plugin/xsd/surefire-test-report-3.0.xsd" version="3.0" name="TestSuite" time="103.551" tests="3" errors="0" skipped="0" failures="0">
  <properties>
[...]
</properties>
  <testcase name="Ecommerce1" classname="Practice.AppiumFramework.Ecommerce_1" time="46.129"/>
  <testcase name="ApiDemo" classname="Practice.AppiumFramework.ApiDemoTest" time="26.195"/>
  <testcase name="ApiDemo" classname="Practice.AppiumFramework.ApiDemoTest" time="26.563"/>
</testsuite>